============================= test session starts =============================
platform win32 -- Python 3.12.3, pytest-8.4.0, pluggy-1.6.0 -- C:\Python312\python.exe
cachedir: .pytest_cache
metadata: {'Python': '3.12.3', 'Platform': 'Windows-10-10.0.19045-SP0', 'Packages': {'pytest': '8.4.0', 'pluggy': '1.6.0'}, 'Plugins': {'html': '4.1.1', 'metadata': '3.1.1', 'mock': '3.14.1'}, 'JAVA_HOME': 'D:\\jdk-21.0.2'}
rootdir: C:\Users\dany5\Desktop\FCT\10ºSemestre (Tese)\thesis_code\Scripts
plugins: html-4.1.1, metadata-3.1.1, mock-3.14.1
collecting ... collected 11 items

tester.py::test_initial_state PASSED                                     [  9%]
tester.py::test_tilt_reading_transition_to_stability PASSED              [ 18%]
tester.py::test_tilt_reading_transition_to_stability_by_rate PASSED      [ 27%]
tester.py::test_distance_transition_to_full PASSED                       [ 36%]
tester.py::test_distance_transition_to_flood PASSED                      [ 45%]
tester.py::test_distance_transition_to_flood_by_rate PASSED              [ 54%]
tester.py::test_distance_transition_to_full_first_reading PASSED         [ 63%]
tester.py::test_distance_flood_to_full PASSED                            [ 72%]
tester.py::test_distance_full_to_ls FAILED                               [ 81%]
tester.py::test_tilt_ls_stability_ls PASSED                              [ 90%]
tester.py::test_distance_ls_full_flood PASSED                            [100%]

================================== FAILURES ===================================
__________________________ test_distance_full_to_ls ___________________________

module = <autoFrequencyChange_v2.AdaptiveFrequencyModule object at 0x000002182F995460>

    def test_distance_full_to_ls(module):
        module.state = "full"
        new_msg = {
            "distance": 20   # WL = 5
        }
        module.handle_distance_readings(new_msg)
>       assert module.state == "live_storage"
E       AssertionError: assert 'full' == 'live_storage'
E         
E         - live_storage
E         + full

tester.py:129: AssertionError
---------------------------- Captured stdout setup ----------------------------


########## [BEHAVIORAL MODULE SETUP] ##########

-> Booting up the script...
-> Connected successfully to the MQTT broker running on 172.20.10.4:1883.
-> State Machine setup finished.
-> Script setup finished.

---------------------------- Captured stdout call -----------------------------
New water level reading - 5 cm.
Last water level reading - None cm.
Initial water level received!

 > New IPI reading every 10.0 seconds.

 > New distance readings every 60.0 seconds. 

#################################


=========================== short test summary info ===========================
FAILED tester.py::test_distance_full_to_ls - AssertionError: assert 'full' ==...
======================== 1 failed, 10 passed in 0.33s =========================
